2019-07-12T03:00:37.821Z - normal: Load ~/.CocosCreator/settings.json
2019-07-12T03:00:39.199Z - normal: Initializing Asset Database
2019-07-12T03:00:39.205Z - normal: checking language setting...
2019-07-12T03:00:39.205Z - normal: Language: zh
2019-07-12T03:00:40.177Z - success: preview server running at http://localhost:7456
2019-07-12T03:00:40.180Z - success: protocol editor-framework registered
2019-07-12T03:00:40.180Z - success: protocol app registered
2019-07-12T03:00:40.181Z - success: protocol theme registered
2019-07-12T03:00:40.181Z - success: protocol packages registered
2019-07-12T03:00:40.181Z - success: protocol uuid registerred
2019-07-12T03:00:40.181Z - success: protocol db registerred
2019-07-12T03:00:40.181Z - success: protocol thumbnail registerred
2019-07-12T03:00:40.181Z - success: protocol unpack registerred
2019-07-12T03:00:40.181Z - success: protocol disable-commonjs registerred
2019-07-12T03:00:40.273Z - normal: connected!
2019-07-12T03:00:40.274Z - normal: Check project E:\zengfeng\githubs\ihaiu_CocosH5GameFrame\client\Game
2019-07-12T03:00:40.276Z - normal: Initializing project E:\zengfeng\githubs\ihaiu_CocosH5GameFrame\client\Game
2019-07-12T03:00:40.912Z - normal: Initializing Cocos2d
2019-07-12T03:00:41.992Z - normal: Initializing engine extends
2019-07-12T03:00:42.038Z - success: asset-db-debugger loaded
2019-07-12T03:00:42.040Z - success: baidu-adapter loaded
2019-07-12T03:00:42.042Z - success: code-editor loaded
2019-07-12T03:00:42.043Z - success: color-picker loaded
2019-07-12T03:00:42.174Z - success: fb-audience-network loaded
2019-07-12T03:00:42.243Z - success: fb-live-stream loaded
2019-07-12T03:00:42.246Z - success: google-play-instant loaded
2019-07-12T03:00:42.251Z - success: huawei-runtime loaded
2019-07-12T03:00:42.252Z - success: jsb-adapter loaded
2019-07-12T03:00:42.257Z - success: oppo-runtime loaded
2019-07-12T03:00:42.261Z - success: package-manager loaded
2019-07-12T03:00:42.406Z - success: qqplay-adapter loaded
2019-07-12T03:00:42.408Z - success: runtime-dev-tools loaded
2019-07-12T03:00:42.420Z - success: sdkbox loaded
2019-07-12T03:00:42.424Z - success: tester loaded
2019-07-12T03:00:42.426Z - success: ui-grid loaded
2019-07-12T03:00:42.428Z - success: ui-kit-preview-extra loaded
2019-07-12T03:00:42.429Z - success: ui-kit-preview loaded
2019-07-12T03:00:42.431Z - success: ui-kit loaded
2019-07-12T03:00:42.432Z - success: ui-tree loaded
2019-07-12T03:00:42.436Z - success: vivo-runtime loaded
2019-07-12T03:00:42.436Z - success: weapp-adapter loaded
2019-07-12T03:00:42.491Z - success: assets loaded
2019-07-12T03:00:42.493Z - success: builder loaded
2019-07-12T03:00:42.823Z - success: cocos-services loaded
2019-07-12T03:00:42.827Z - success: console loaded
2019-07-12T03:00:42.870Z - success: fb-instant-games loaded
2019-07-12T03:00:42.872Z - success: google-instant-games loaded
2019-07-12T03:00:42.877Z - success: hierarchy loaded
2019-07-12T03:00:42.880Z - success: inspector loaded
2019-07-12T03:00:42.881Z - success: keystore loaded
2019-07-12T03:00:42.884Z - success: node-library loaded
2019-07-12T03:00:42.885Z - success: package-asset loaded
2019-07-12T03:00:42.886Z - success: preferences loaded
2019-07-12T03:00:42.887Z - success: project-exporter loaded
2019-07-12T03:00:42.890Z - success: project-importer loaded
2019-07-12T03:00:42.893Z - success: project-settings loaded
2019-07-12T03:00:42.900Z - success: scene loaded
2019-07-12T03:00:42.901Z - success: simulator-debugger loaded
2019-07-12T03:00:42.902Z - success: sprite-editor loaded
2019-07-12T03:00:42.904Z - success: store loaded
2019-07-12T03:00:42.908Z - success: timeline loaded
2019-07-12T03:00:44.434Z - info: Cocos Services load base data!
2019-07-12T03:01:11.400Z - normal: Loading packages
2019-07-12T03:01:11.410Z - normal: Watching packages
2019-07-12T03:01:11.942Z - normal: Run Application
